mode: set
Merch-Store/internal/handler/api.go:17.41,19.2 1 0
Merch-Store/internal/handler/api.go:21.41,25.42 3 0
Merch-Store/internal/handler/api.go:25.42,28.66 2 0
Merch-Store/internal/handler/api.go:28.66,32.4 3 0
Merch-Store/internal/handler/api.go:36.65,38.2 1 0
Merch-Store/internal/handler/shop.go:13.65,17.20 3 0
Merch-Store/internal/handler/shop.go:17.20,20.3 2 0
Merch-Store/internal/handler/shop.go:22.2,23.23 2 0
Merch-Store/internal/handler/shop.go:23.23,26.3 2 0
Merch-Store/internal/handler/shop.go:28.2,30.83 2 0
Merch-Store/internal/handler/shop.go:30.83,34.3 3 0
Merch-Store/internal/handler/shop.go:36.2,37.30 2 0
Merch-Store/internal/handler/transaction.go:16.66,19.61 2 0
Merch-Store/internal/handler/transaction.go:19.61,22.3 2 0
Merch-Store/internal/handler/transaction.go:24.2,24.64 1 0
Merch-Store/internal/handler/transaction.go:24.64,27.3 2 0
Merch-Store/internal/handler/transaction.go:30.2,31.25 2 0
Merch-Store/internal/handler/transaction.go:31.25,34.3 2 0
Merch-Store/internal/handler/transaction.go:37.2,37.90 1 0
Merch-Store/internal/handler/transaction.go:37.90,40.3 2 0
Merch-Store/internal/handler/transaction.go:42.2,43.30 2 0
Merch-Store/internal/handler/user.go:17.70,19.62 2 0
Merch-Store/internal/handler/user.go:19.62,22.3 2 0
Merch-Store/internal/handler/user.go:25.2,25.48 1 0
Merch-Store/internal/handler/user.go:25.48,28.3 2 0
Merch-Store/internal/handler/user.go:29.2,29.48 1 0
Merch-Store/internal/handler/user.go:29.48,32.3 2 0
Merch-Store/internal/handler/user.go:35.2,36.16 2 0
Merch-Store/internal/handler/user.go:36.16,39.3 2 0
Merch-Store/internal/handler/user.go:42.2,43.16 2 0
Merch-Store/internal/handler/user.go:43.16,46.3 2 0
Merch-Store/internal/handler/user.go:48.2,51.37 3 0
Merch-Store/internal/handler/user.go:53.65,56.27 2 0
Merch-Store/internal/handler/user.go:56.27,59.3 2 0
Merch-Store/internal/handler/user.go:62.2,63.16 2 0
Merch-Store/internal/handler/user.go:63.16,66.3 2 0
Merch-Store/internal/handler/user.go:69.2,74.16 4 0
Merch-Store/internal/handler/user.go:74.16,77.3 2 0
Merch-Store/internal/handler/user.go:80.2,80.27 1 0
Merch-Store/cmd/app/main.go:19.13,24.16 4 0
Merch-Store/cmd/app/main.go:24.16,26.3 1 0
Merch-Store/cmd/app/main.go:27.2,39.56 10 0
Merch-Store/cmd/app/main.go:39.56,41.3 1 0
Merch-Store/cmd/app/main.go:44.61,51.2 1 0
Merch-Store/cmd/app/main.go:53.38,55.16 2 0
Merch-Store/cmd/app/main.go:55.16,57.3 1 0
Merch-Store/cmd/app/main.go:59.2,59.31 1 0
Merch-Store/cmd/app/main.go:59.31,60.33 1 0
Merch-Store/cmd/app/main.go:60.33,62.4 1 0
Merch-Store/cmd/app/main.go:62.9,64.4 1 0
Merch-Store/cmd/app/main.go:65.8,67.3 1 0
Merch-Store/cmd/migrate/migrate.go:9.59,14.16 3 0
Merch-Store/cmd/migrate/migrate.go:14.16,16.3 1 0
Merch-Store/cmd/migrate/migrate.go:18.2,18.15 1 0
Merch-Store/internal/service/service.go:9.44,11.2 1 0
Merch-Store/internal/service/shop_service.go:9.102,12.16 2 0
Merch-Store/internal/service/shop_service.go:12.16,14.3 1 0
Merch-Store/internal/service/shop_service.go:15.2,18.16 3 0
Merch-Store/internal/service/shop_service.go:18.16,20.3 1 0
Merch-Store/internal/service/shop_service.go:22.2,23.16 2 0
Merch-Store/internal/service/shop_service.go:23.16,25.3 1 0
Merch-Store/internal/service/shop_service.go:28.2,28.37 1 0
Merch-Store/internal/service/shop_service.go:28.37,30.3 1 0
Merch-Store/internal/service/shop_service.go:33.2,33.86 1 0
Merch-Store/internal/service/shop_service.go:33.86,35.3 1 0
Merch-Store/internal/service/shop_service.go:38.2,38.72 1 0
Merch-Store/internal/service/shop_service.go:38.72,40.3 1 0
Merch-Store/internal/service/shop_service.go:43.2,43.39 1 0
Merch-Store/internal/service/shop_service.go:43.39,45.3 1 0
Merch-Store/internal/service/shop_service.go:47.2,47.12 1 0
Merch-Store/internal/service/transaction_postgres.go:9.110,11.16 2 0
Merch-Store/internal/service/transaction_postgres.go:11.16,13.3 1 0
Merch-Store/internal/service/transaction_postgres.go:14.2,18.16 3 0
Merch-Store/internal/service/transaction_postgres.go:18.16,20.3 1 0
Merch-Store/internal/service/transaction_postgres.go:23.2,23.28 1 0
Merch-Store/internal/service/transaction_postgres.go:23.28,25.3 1 0
Merch-Store/internal/service/transaction_postgres.go:28.2,29.16 2 0
Merch-Store/internal/service/transaction_postgres.go:29.16,31.3 1 0
Merch-Store/internal/service/transaction_postgres.go:34.2,35.16 2 0
Merch-Store/internal/service/transaction_postgres.go:35.16,37.3 1 0
Merch-Store/internal/service/transaction_postgres.go:39.2,40.16 2 0
Merch-Store/internal/service/transaction_postgres.go:40.16,42.3 1 0
Merch-Store/internal/service/transaction_postgres.go:45.2,46.16 2 0
Merch-Store/internal/service/transaction_postgres.go:46.16,48.3 1 0
Merch-Store/internal/service/transaction_postgres.go:50.2,50.39 1 0
Merch-Store/internal/service/transaction_postgres.go:50.39,52.3 1 0
Merch-Store/internal/service/transaction_postgres.go:54.2,54.12 1 0
Merch-Store/internal/service/user_service.go:11.90,14.53 2 0
Merch-Store/internal/service/user_service.go:14.53,16.3 1 0
Merch-Store/internal/service/user_service.go:19.2,19.16 1 0
Merch-Store/internal/service/user_service.go:19.16,20.68 1 0
Merch-Store/internal/service/user_service.go:20.68,22.4 1 0
Merch-Store/internal/service/user_service.go:23.3,23.13 1 0
Merch-Store/internal/service/user_service.go:27.2,28.16 2 0
Merch-Store/internal/service/user_service.go:28.16,30.3 1 0
Merch-Store/internal/service/user_service.go:32.2,33.16 2 0
Merch-Store/internal/service/user_service.go:33.16,35.3 1 0
Merch-Store/internal/service/user_service.go:37.2,37.12 1 0
Merch-Store/internal/service/user_service.go:40.101,43.16 2 0
Merch-Store/internal/service/user_service.go:43.16,45.3 1 0
Merch-Store/internal/service/user_service.go:48.2,49.16 2 0
Merch-Store/internal/service/user_service.go:49.16,51.3 1 0
Merch-Store/internal/service/user_service.go:54.2,55.16 2 0
Merch-Store/internal/service/user_service.go:55.16,57.3 1 0
Merch-Store/internal/service/user_service.go:60.2,66.22 2 0
Merch-Store/pkg/validators/validator.go:3.44,5.2 1 1
Merch-Store/pkg/validators/validator.go:7.44,9.2 1 1
Merch-Store/pkg/configload/config.go:29.38,31.16 2 1
Merch-Store/pkg/configload/config.go:31.16,33.3 1 0
Merch-Store/pkg/configload/config.go:34.2,37.58 3 1
Merch-Store/pkg/configload/config.go:37.58,39.3 1 0
Merch-Store/pkg/configload/config.go:41.2,41.12 1 1
Merch-Store/pkg/jwt/jwt.go:19.31,21.2 1 1
Merch-Store/pkg/jwt/jwt.go:23.51,24.71 1 1
Merch-Store/pkg/jwt/jwt.go:24.71,26.23 2 1
Merch-Store/pkg/jwt/jwt.go:26.23,29.4 2 1
Merch-Store/pkg/jwt/jwt.go:31.3,32.46 2 1
Merch-Store/pkg/jwt/jwt.go:32.46,35.4 2 0
Merch-Store/pkg/jwt/jwt.go:37.3,40.99 3 1
Merch-Store/pkg/jwt/jwt.go:40.99,42.4 1 1
Merch-Store/pkg/jwt/jwt.go:44.3,44.33 1 1
Merch-Store/pkg/jwt/jwt.go:44.33,47.4 2 1
Merch-Store/pkg/jwt/jwt.go:50.3,51.40 2 1
Merch-Store/pkg/jwt/jwt.go:55.51,63.2 2 1
Merch-Store/pkg/password/password.go:11.47,14.16 3 1
Merch-Store/pkg/password/password.go:14.16,16.3 1 0
Merch-Store/pkg/password/password.go:17.2,17.38 1 1
Merch-Store/pkg/password/password.go:21.60,24.16 2 1
Merch-Store/pkg/password/password.go:24.16,26.3 1 0
Merch-Store/pkg/password/password.go:28.2,31.16 3 1
Merch-Store/pkg/password/password.go:31.16,33.3 1 0
Merch-Store/pkg/password/password.go:35.2,35.32 1 1
Merch-Store/pkg/password/password.go:39.54,44.2 3 1
Merch-Store/internal/repository/pgsql.go:24.43,26.16 2 0
Merch-Store/internal/repository/pgsql.go:26.16,28.3 1 0
Merch-Store/internal/repository/pgsql.go:30.2,30.33 1 0
Merch-Store/internal/repository/pgsql.go:33.45,37.2 1 0
Merch-Store/internal/repository/pgsql.go:39.29,42.22 3 0
Merch-Store/internal/repository/pgsql.go:42.22,44.3 1 0
Merch-Store/internal/repository/shop_postgres.go:11.103,16.16 4 0
Merch-Store/internal/repository/shop_postgres.go:16.16,17.27 1 0
Merch-Store/internal/repository/shop_postgres.go:17.27,19.4 1 0
Merch-Store/internal/repository/shop_postgres.go:20.3,20.103 1 0
Merch-Store/internal/repository/shop_postgres.go:23.2,23.28 1 0
Merch-Store/internal/repository/shop_postgres.go:27.95,29.16 2 0
Merch-Store/internal/repository/shop_postgres.go:29.16,31.3 1 0
Merch-Store/internal/repository/shop_postgres.go:32.2,32.12 1 0
Merch-Store/internal/repository/transaction_postgres.go:11.117,16.16 2 0
Merch-Store/internal/repository/transaction_postgres.go:16.16,18.3 1 0
Merch-Store/internal/repository/transaction_postgres.go:19.2,19.12 1 0
Merch-Store/internal/repository/user_postgres.go:16.82,19.16 3 0
Merch-Store/internal/repository/user_postgres.go:19.16,21.3 1 0
Merch-Store/internal/repository/user_postgres.go:22.2,22.20 1 0
Merch-Store/internal/repository/user_postgres.go:25.94,30.16 4 0
Merch-Store/internal/repository/user_postgres.go:30.16,32.3 1 0
Merch-Store/internal/repository/user_postgres.go:34.2,34.29 1 0
Merch-Store/internal/repository/user_postgres.go:38.102,44.16 4 0
Merch-Store/internal/repository/user_postgres.go:44.16,45.27 1 0
Merch-Store/internal/repository/user_postgres.go:45.27,47.4 1 0
Merch-Store/internal/repository/user_postgres.go:48.3,48.21 1 0
Merch-Store/internal/repository/user_postgres.go:51.2,51.46 1 0
Merch-Store/internal/repository/user_postgres.go:55.98,62.2 3 0
Merch-Store/internal/repository/user_postgres.go:65.103,67.16 2 0
Merch-Store/internal/repository/user_postgres.go:67.16,69.3 1 0
Merch-Store/internal/repository/user_postgres.go:70.2,70.12 1 0
Merch-Store/internal/repository/user_postgres.go:73.102,80.16 2 0
Merch-Store/internal/repository/user_postgres.go:80.16,82.3 1 0
Merch-Store/internal/repository/user_postgres.go:83.2,86.18 3 0
Merch-Store/internal/repository/user_postgres.go:86.18,88.63 2 0
Merch-Store/internal/repository/user_postgres.go:88.63,90.4 1 0
Merch-Store/internal/repository/user_postgres.go:91.3,91.38 1 0
Merch-Store/internal/repository/user_postgres.go:93.2,93.35 1 0
Merch-Store/internal/repository/user_postgres.go:93.35,95.3 1 0
Merch-Store/internal/repository/user_postgres.go:96.2,96.23 1 0
Merch-Store/internal/repository/user_postgres.go:99.100,108.16 3 0
Merch-Store/internal/repository/user_postgres.go:108.16,110.3 1 0
Merch-Store/internal/repository/user_postgres.go:111.2,113.18 2 0
Merch-Store/internal/repository/user_postgres.go:113.18,115.61 2 0
Merch-Store/internal/repository/user_postgres.go:115.61,117.4 1 0
Merch-Store/internal/repository/user_postgres.go:118.3,118.50 1 0
Merch-Store/internal/repository/user_postgres.go:120.2,120.35 1 0
Merch-Store/internal/repository/user_postgres.go:120.35,122.3 1 0
Merch-Store/internal/repository/user_postgres.go:125.2,129.16 2 0
Merch-Store/internal/repository/user_postgres.go:129.16,131.3 1 0
Merch-Store/internal/repository/user_postgres.go:132.2,134.18 2 0
Merch-Store/internal/repository/user_postgres.go:134.18,136.61 2 0
Merch-Store/internal/repository/user_postgres.go:136.61,138.4 1 0
Merch-Store/internal/repository/user_postgres.go:139.3,139.42 1 0
Merch-Store/internal/repository/user_postgres.go:141.2,141.35 1 0
Merch-Store/internal/repository/user_postgres.go:141.35,143.3 1 0
Merch-Store/internal/repository/user_postgres.go:145.2,145.21 1 0
